<?xml version="1.0" encoding="UTF-8"?>
<coverage generated="1410764561">
  <project timestamp="1410764561">
    <package name="Application\Controller">
      <file name="/var/www/html/project/MegaOfficeTool/module/Application/src/Application/Controller/IndexController.php">
        <class name="IndexController" namespace="Application\Controller" fullPackage="ApplicationTest" package="ApplicationTest">
          <metrics methods="2" coveredmethods="2" conditionals="0" coveredconditionals="0" statements="2" coveredstatements="2" elements="4" coveredelements="4"/>
        </class>
        <line num="38" type="method" name="indexAction" crap="1" count="1"/>
        <line num="40" type="stmt" count="1"/>
        <line num="43" type="method" name="maintenanceAction" crap="1" count="1"/>
        <line num="45" type="stmt" count="1"/>
        <metrics loc="47" ncloc="19" classes="1" methods="2" coveredmethods="2" conditionals="0" coveredconditionals="0" statements="2" coveredstatements="2" elements="4" coveredelements="4"/>
      </file>
    </package>
    <package name="MotUsers\Permission">
      <file name="/var/www/html/project/MegaOfficeTool/module/MotUsers/src/MotUsers/Permission/Permission.php">
        <class name="Permission" namespace="MotUsers\Permission" fullPackage="MotUsers" package="MotUsers">
          <metrics methods="3" coveredmethods="0" conditionals="0" coveredconditionals="0" statements="4" coveredstatements="0" elements="7" coveredelements="0"/>
        </class>
        <line num="60" type="method" name="__construct" crap="2" count="0"/>
        <line num="62" type="stmt" count="0"/>
        <line num="63" type="stmt" count="0"/>
        <line num="70" type="method" name="getId" crap="2" count="0"/>
        <line num="72" type="stmt" count="0"/>
        <line num="78" type="method" name="__toString" crap="2" count="0"/>
        <line num="80" type="stmt" count="0"/>
        <metrics loc="82" ncloc="29" classes="1" methods="3" coveredmethods="0" conditionals="0" coveredconditionals="0" statements="4" coveredstatements="0" elements="7" coveredelements="0"/>
      </file>
    </package>
    <package name="MotUsers\Role">
      <file name="/var/www/html/project/MegaOfficeTool/module/MotUsers/src/MotUsers/Role/FlatRole.php">
        <class name="FlatRole" namespace="MotUsers\Role" fullPackage="MotUsers" package="MotUsers">
          <metrics methods="6" coveredmethods="0" conditionals="0" coveredconditionals="0" statements="12" coveredstatements="0" elements="18" coveredelements="0"/>
        </class>
        <line num="69" type="method" name="__construct" crap="2" count="0"/>
        <line num="71" type="stmt" count="0"/>
        <line num="72" type="stmt" count="0"/>
        <line num="79" type="method" name="getId" crap="2" count="0"/>
        <line num="81" type="stmt" count="0"/>
        <line num="90" type="method" name="setName" crap="2" count="0"/>
        <line num="92" type="stmt" count="0"/>
        <line num="93" type="stmt" count="0"/>
        <line num="100" type="method" name="getName" crap="2" count="0"/>
        <line num="102" type="stmt" count="0"/>
        <line num="108" type="method" name="addPermission" crap="6" count="0"/>
        <line num="110" type="stmt" count="0"/>
        <line num="111" type="stmt" count="0"/>
        <line num="112" type="stmt" count="0"/>
        <line num="114" type="stmt" count="0"/>
        <line num="115" type="stmt" count="0"/>
        <line num="120" type="method" name="hasPermission" crap="2" count="0"/>
        <line num="125" type="stmt" count="0"/>
        <metrics loc="127" ncloc="51" classes="1" methods="6" coveredmethods="0" conditionals="0" coveredconditionals="0" statements="12" coveredstatements="0" elements="18" coveredelements="0"/>
      </file>
      <file name="/var/www/html/project/MegaOfficeTool/module/MotUsers/src/MotUsers/Role/HierarchicalRole.php">
        <class name="HierarchicalRole" namespace="MotUsers\Role" fullPackage="MotUsers" package="MotUsers">
          <metrics methods="9" coveredmethods="0" conditionals="0" coveredconditionals="0" statements="17" coveredstatements="0" elements="26" coveredelements="0"/>
        </class>
        <line num="76" type="method" name="__construct" crap="2" count="0"/>
        <line num="78" type="stmt" count="0"/>
        <line num="79" type="stmt" count="0"/>
        <line num="80" type="stmt" count="0"/>
        <line num="87" type="method" name="getId" crap="2" count="0"/>
        <line num="89" type="stmt" count="0"/>
        <line num="98" type="method" name="setName" crap="2" count="0"/>
        <line num="100" type="stmt" count="0"/>
        <line num="101" type="stmt" count="0"/>
        <line num="108" type="method" name="getName" crap="2" count="0"/>
        <line num="110" type="stmt" count="0"/>
        <line num="116" type="method" name="addChild" crap="2" count="0"/>
        <line num="118" type="stmt" count="0"/>
        <line num="119" type="stmt" count="0"/>
        <line num="124" type="method" name="addPermission" crap="6" count="0"/>
        <line num="126" type="stmt" count="0"/>
        <line num="127" type="stmt" count="0"/>
        <line num="128" type="stmt" count="0"/>
        <line num="130" type="stmt" count="0"/>
        <line num="131" type="stmt" count="0"/>
        <line num="136" type="method" name="hasPermission" crap="2" count="0"/>
        <line num="141" type="stmt" count="0"/>
        <line num="147" type="method" name="getChildren" crap="2" count="0"/>
        <line num="149" type="stmt" count="0"/>
        <line num="155" type="method" name="hasChildren" crap="2" count="0"/>
        <line num="157" type="stmt" count="0"/>
        <metrics loc="159" ncloc="69" classes="1" methods="9" coveredmethods="0" conditionals="0" coveredconditionals="0" statements="17" coveredstatements="0" elements="26" coveredelements="0"/>
      </file>
    </package>
    <metrics files="4" loc="415" ncloc="168" classes="4" methods="20" coveredmethods="2" conditionals="0" coveredconditionals="0" statements="35" coveredstatements="2" elements="55" coveredelements="4"/>
  </project>
</coverage>
